  [4;36;1mSQL (1.0ms)[0m   [0;1m SELECT name
 FROM sqlite_master
 WHERE type = 'table' AND NOT name = 'sqlite_sequence'
[0m
  [4;35;1mSQL (0.0ms)[0m   [0mselect sqlite_version(*)[0m
  [4;36;1mSQL (71.0ms)[0m   [0;1mCREATE TABLE "schema_migrations" ("version" varchar(255) NOT NULL) [0m
  [4;35;1mSQL (55.0ms)[0m   [0mCREATE UNIQUE INDEX "unique_schema_migrations" ON "schema_migrations" ("version")[0m
  [4;36;1mSQL (1.0ms)[0m   [0;1m SELECT name
 FROM sqlite_master
 WHERE type = 'table' AND NOT name = 'sqlite_sequence'
[0m
  [4;35;1mSQL (1.0ms)[0m   [0mSELECT version FROM schema_migrations[0m
Migrating to CreateTenants (20100412043216)
  [4;36;1mSQL (1.0ms)[0m   [0;1mCREATE TABLE "tenants" ("id" INTEGER PRIMARY KEY AUTOINCREMENT NOT NULL, "created_at" datetime, "updated_at" datetime) [0m
  [4;35;1mSQL (0.0ms)[0m   [0mINSERT INTO schema_migrations (version) VALUES ('20100412043216')[0m
  [4;36;1mSQL (1.0ms)[0m   [0;1m SELECT name
 FROM sqlite_master
 WHERE type = 'table' AND NOT name = 'sqlite_sequence'
[0m
  [4;35;1mSQL (1.0ms)[0m   [0mSELECT version FROM schema_migrations[0m
  [4;36;1mSQL (1.0ms)[0m   [0;1m SELECT name
 FROM sqlite_master
 WHERE type = 'table' AND NOT name = 'sqlite_sequence'
[0m
  [4;35;1mSQL (0.0ms)[0m   [0mPRAGMA index_list("tenants")[0m
  [4;36;1mSQL (0.0ms)[0m   [0;1m SELECT name
 FROM sqlite_master
 WHERE type = 'table' AND NOT name = 'sqlite_sequence'
[0m
  [4;35;1mSQL (0.0ms)[0m   [0mSELECT version FROM schema_migrations[0m
  [4;36;1mSQL (0.0ms)[0m   [0;1mselect sqlite_version(*)[0m
  [4;35;1mSQL (1.0ms)[0m   [0m SELECT name
 FROM sqlite_master
 WHERE type = 'table' AND NOT name = 'sqlite_sequence'
[0m
  [4;36;1mSQL (77.0ms)[0m   [0;1mCREATE TABLE "tenants" ("id" INTEGER PRIMARY KEY AUTOINCREMENT NOT NULL, "created_at" datetime, "updated_at" datetime) [0m
  [4;35;1mSQL (1.0ms)[0m   [0m SELECT name
 FROM sqlite_master
 WHERE type = 'table' AND NOT name = 'sqlite_sequence'
[0m
  [4;36;1mSQL (63.0ms)[0m   [0;1mCREATE TABLE "schema_migrations" ("version" varchar(255) NOT NULL) [0m
  [4;35;1mSQL (86.0ms)[0m   [0mCREATE UNIQUE INDEX "unique_schema_migrations" ON "schema_migrations" ("version")[0m
  [4;36;1mSQL (1.0ms)[0m   [0;1m SELECT name
 FROM sqlite_master
 WHERE type = 'table' AND NOT name = 'sqlite_sequence'
[0m
  [4;35;1mSQL (0.0ms)[0m   [0mSELECT version FROM "schema_migrations"[0m
  [4;36;1mSQL (90.0ms)[0m   [0;1mINSERT INTO "schema_migrations" (version) VALUES ('20100412043216')[0m
  [4;36;1mSQL (2.0ms)[0m   [0;1m SELECT name
 FROM sqlite_master
 WHERE type = 'table' AND NOT name = 'sqlite_sequence'
[0m
  [4;35;1mSQL (1.0ms)[0m   [0mSELECT version FROM schema_migrations[0m
Migrating to CreateTenants (20100412044545)
  [4;36;1mSQL (1.0ms)[0m   [0;1mselect sqlite_version(*)[0m
  [4;35;1mSQL (0.0ms)[0m   [0mSQLite3::SQLException: table "tenants" already exists: CREATE TABLE "tenants" ("id" INTEGER PRIMARY KEY AUTOINCREMENT NOT NULL, "name" varchar(255), "created_at" datetime, "updated_at" datetime) [0m
  [4;36;1mSQL (1.0ms)[0m   [0;1m SELECT name
 FROM sqlite_master
 WHERE type = 'table' AND NOT name = 'sqlite_sequence'
[0m
  [4;35;1mSQL (1.0ms)[0m   [0mselect sqlite_version(*)[0m
  [4;36;1mSQL (80.0ms)[0m   [0;1mCREATE TABLE "schema_migrations" ("version" varchar(255) NOT NULL) [0m
  [4;35;1mSQL (83.0ms)[0m   [0mCREATE UNIQUE INDEX "unique_schema_migrations" ON "schema_migrations" ("version")[0m
  [4;36;1mSQL (1.0ms)[0m   [0;1m SELECT name
 FROM sqlite_master
 WHERE type = 'table' AND NOT name = 'sqlite_sequence'
[0m
  [4;35;1mSQL (0.0ms)[0m   [0mSELECT version FROM schema_migrations[0m
Migrating to CreateTenants (20100412044545)
  [4;36;1mSQL (2.0ms)[0m   [0;1mCREATE TABLE "tenants" ("id" INTEGER PRIMARY KEY AUTOINCREMENT NOT NULL, "name" varchar(255), "created_at" datetime, "updated_at" datetime) [0m
  [4;35;1mSQL (0.0ms)[0m   [0mINSERT INTO schema_migrations (version) VALUES ('20100412044545')[0m
  [4;36;1mSQL (1.0ms)[0m   [0;1m SELECT name
 FROM sqlite_master
 WHERE type = 'table' AND NOT name = 'sqlite_sequence'
[0m
  [4;35;1mSQL (1.0ms)[0m   [0mSELECT version FROM schema_migrations[0m
  [4;36;1mSQL (1.0ms)[0m   [0;1m SELECT name
 FROM sqlite_master
 WHERE type = 'table' AND NOT name = 'sqlite_sequence'
[0m
  [4;35;1mSQL (0.0ms)[0m   [0mPRAGMA index_list("tenants")[0m
  [4;36;1mSQL (1.0ms)[0m   [0;1m SELECT name
 FROM sqlite_master
 WHERE type = 'table' AND NOT name = 'sqlite_sequence'
[0m
  [4;35;1mSQL (0.0ms)[0m   [0mSELECT version FROM schema_migrations[0m
  [4;36;1mSQL (0.0ms)[0m   [0;1mselect sqlite_version(*)[0m
  [4;35;1mSQL (0.0ms)[0m   [0m SELECT name
 FROM sqlite_master
 WHERE type = 'table' AND NOT name = 'sqlite_sequence'
[0m
  [4;36;1mSQL (83.0ms)[0m   [0;1mCREATE TABLE "tenants" ("id" INTEGER PRIMARY KEY AUTOINCREMENT NOT NULL, "name" varchar(255), "created_at" datetime, "updated_at" datetime) [0m
  [4;35;1mSQL (1.0ms)[0m   [0m SELECT name
 FROM sqlite_master
 WHERE type = 'table' AND NOT name = 'sqlite_sequence'
[0m
  [4;36;1mSQL (70.0ms)[0m   [0;1mCREATE TABLE "schema_migrations" ("version" varchar(255) NOT NULL) [0m
  [4;35;1mSQL (111.0ms)[0m   [0mCREATE UNIQUE INDEX "unique_schema_migrations" ON "schema_migrations" ("version")[0m
  [4;36;1mSQL (1.0ms)[0m   [0;1m SELECT name
 FROM sqlite_master
 WHERE type = 'table' AND NOT name = 'sqlite_sequence'
[0m
  [4;35;1mSQL (1.0ms)[0m   [0mSELECT version FROM "schema_migrations"[0m
  [4;36;1mSQL (84.0ms)[0m   [0;1mINSERT INTO "schema_migrations" (version) VALUES ('20100412044545')[0m


Processing TenantsController#index (for 127.0.0.1 at 2010-04-11 22:01:53) [GET]
  [4;36;1mTenant Load (1.0ms)[0m   [0;1mSELECT * FROM "tenants" LIMIT 20 OFFSET 0[0m
Rendering template within layouts/application
Rendering tenants/index
Completed in 8268ms (View: 8261, DB: 1) | 200 OK [http://localhost/tenants]


Processing TenantsController#new (for 127.0.0.1 at 2010-04-11 22:02:03) [GET]
Rendering template within layouts/application
Rendering tenants/new
Rendered tenants/_form (57.0ms)
Completed in 88ms (View: 81, DB: 0) | 200 OK [http://localhost/tenants/new]


Processing TenantsController#create (for 127.0.0.1 at 2010-04-11 22:02:12) [POST]
  Parameters: {"commit"=>"Create", "authenticity_token"=>"Plh/UmELwVR5p86DB+WfURcE/a27qE2LzMQipEOXb7c=", "tenant"=>{"name"=>"test"}}
  [4;35;1mTenant Create (1.0ms)[0m   [0mINSERT INTO "tenants" ("name", "created_at", "updated_at") VALUES('test', '2010-04-12 05:02:12', '2010-04-12 05:02:12')[0m
Redirected to http://localhost:3000/tenants/1
Completed in 109ms (DB: 0) | 302 Found [http://localhost/tenants]


Processing TenantsController#show (for 127.0.0.1 at 2010-04-11 22:02:12) [GET]
  Parameters: {"id"=>"1"}
  [4;36;1mTenant Load (1.0ms)[0m   [0;1mSELECT * FROM "tenants" WHERE ("tenants"."id" = 1) [0m
Rendering template within layouts/application
Rendering tenants/show
Completed in 35ms (View: 24, DB: 1) | 200 OK [http://localhost/tenants/1]


Processing TenantsController#edit (for 127.0.0.1 at 2010-04-11 22:02:14) [GET]
  Parameters: {"id"=>"1"}
  [4;35;1mTenant Load (1.0ms)[0m   [0mSELECT * FROM "tenants" WHERE ("tenants"."id" = 1) [0m
Rendering template within layouts/application
Rendering tenants/edit
Rendered tenants/_form (14.0ms)
Completed in 50ms (View: 40, DB: 1) | 200 OK [http://localhost/tenants/1/edit]


Processing TenantsController#update (for 127.0.0.1 at 2010-04-11 22:02:16) [PUT]
  Parameters: {"commit"=>"Update", "authenticity_token"=>"Plh/UmELwVR5p86DB+WfURcE/a27qE2LzMQipEOXb7c=", "id"=>"1", "tenant"=>{"name"=>"test"}}
  [4;36;1mTenant Load (1.0ms)[0m   [0;1mSELECT * FROM "tenants" WHERE ("tenants"."id" = 1) [0m
Redirected to http://localhost:3000/tenants/1
Completed in 27ms (DB: 0) | 302 Found [http://localhost/tenants/1]


Processing TenantsController#show (for 127.0.0.1 at 2010-04-11 22:02:17) [GET]
  Parameters: {"id"=>"1"}
  [4;35;1mTenant Load (1.0ms)[0m   [0mSELECT * FROM "tenants" WHERE ("tenants"."id" = 1) [0m
Rendering template within layouts/application
Rendering tenants/show
Completed in 23ms (View: 11, DB: 1) | 200 OK [http://localhost/tenants/1]


Processing TenantsController#index (for 127.0.0.1 at 2010-04-11 22:02:19) [GET]
  [4;36;1mTenant Load (1.0ms)[0m   [0;1mSELECT * FROM "tenants" LIMIT 20 OFFSET 0[0m
Rendering template within layouts/application
Rendering tenants/index
Rendered tenants/_item (10.0ms)
Completed in 28ms (View: 22, DB: 1) | 200 OK [http://localhost/tenants]


Processing TenantsController#new (for 127.0.0.1 at 2010-04-11 22:02:21) [GET]
Rendering template within layouts/application
Rendering tenants/new
Rendered tenants/_form (9.0ms)
Completed in 28ms (View: 21, DB: 0) | 200 OK [http://localhost/tenants/new]


Processing TenantsController#create (for 127.0.0.1 at 2010-04-11 22:02:24) [POST]
  Parameters: {"commit"=>"Create", "authenticity_token"=>"Plh/UmELwVR5p86DB+WfURcE/a27qE2LzMQipEOXb7c=", "tenant"=>{"name"=>"test2"}}
  [4;35;1mTenant Create (2.0ms)[0m   [0mINSERT INTO "tenants" ("name", "created_at", "updated_at") VALUES('test2', '2010-04-12 05:02:24', '2010-04-12 05:02:24')[0m
Redirected to http://localhost:3000/tenants/2
Completed in 94ms (DB: 0) | 302 Found [http://localhost/tenants]


Processing TenantsController#show (for 127.0.0.1 at 2010-04-11 22:02:24) [GET]
  Parameters: {"id"=>"2"}
  [4;36;1mTenant Load (1.0ms)[0m   [0;1mSELECT * FROM "tenants" WHERE ("tenants"."id" = 2) [0m
Rendering template within layouts/application
Rendering tenants/show
Completed in 23ms (View: 13, DB: 1) | 200 OK [http://localhost/tenants/2]


Processing TenantsController#index (for 127.0.0.1 at 2010-04-11 22:02:27) [GET]
  [4;35;1mTenant Load (2.0ms)[0m   [0mSELECT * FROM "tenants" LIMIT 20 OFFSET 0[0m
Rendering template within layouts/application
Rendering tenants/index
Rendered tenants/_item (10.0ms)
Rendered tenants/_item (3.0ms)
Completed in 33ms (View: 24, DB: 2) | 200 OK [http://localhost/tenants]


Processing TenantsController#index (for 127.0.0.1 at 2010-04-11 22:05:23) [GET]
  [4;36;1mTenant Load (1.0ms)[0m   [0;1mSELECT * FROM "tenants" LIMIT 1 OFFSET 0[0m
  [4;35;1mSQL (1.0ms)[0m   [0mSELECT count(*) AS count_all FROM "tenants" [0m
Rendering template within layouts/application
Rendering tenants/index
Rendered tenants/_item (10.0ms)
Completed in 59ms (View: 48, DB: 2) | 200 OK [http://localhost/tenants]


Processing TenantsController#index (for 127.0.0.1 at 2010-04-11 22:05:25) [GET]
  Parameters: {"page"=>"2"}
  [4;36;1mTenant Load (1.0ms)[0m   [0;1mSELECT * FROM "tenants" LIMIT 1 OFFSET 1[0m
  [4;35;1mSQL (1.0ms)[0m   [0mSELECT count(*) AS count_all FROM "tenants" [0m
Rendering template within layouts/application
Rendering tenants/index
Rendered tenants/_item (8.0ms)
Completed in 25ms (View: 16, DB: 2) | 200 OK [http://localhost/tenants?page=2]


Processing TenantsController#index (for 127.0.0.1 at 2010-04-11 22:05:27) [GET]
  Parameters: {"page"=>"1"}
  [4;36;1mTenant Load (2.0ms)[0m   [0;1mSELECT * FROM "tenants" LIMIT 1 OFFSET 0[0m
  [4;35;1mSQL (0.0ms)[0m   [0mSELECT count(*) AS count_all FROM "tenants" [0m
Rendering template within layouts/application
Rendering tenants/index
Rendered tenants/_item (6.0ms)
Completed in 29ms (View: 15, DB: 2) | 200 OK [http://localhost/tenants?page=1]


Processing TenantsController#index (for 127.0.0.1 at 2010-04-11 22:05:28) [GET]
  Parameters: {"page"=>"2"}
  [4;36;1mTenant Load (2.0ms)[0m   [0;1mSELECT * FROM "tenants" LIMIT 1 OFFSET 1[0m
  [4;35;1mSQL (1.0ms)[0m   [0mSELECT count(*) AS count_all FROM "tenants" [0m
Rendering template within layouts/application
Rendering tenants/index
Rendered tenants/_item (6.0ms)
Completed in 26ms (View: 16, DB: 3) | 200 OK [http://localhost/tenants?page=2]


Processing TenantsController#index (for 127.0.0.1 at 2010-04-11 22:05:29) [GET]
  Parameters: {"page"=>"1"}
  [4;36;1mTenant Load (1.0ms)[0m   [0;1mSELECT * FROM "tenants" LIMIT 1 OFFSET 0[0m
  [4;35;1mSQL (1.0ms)[0m   [0mSELECT count(*) AS count_all FROM "tenants" [0m
Rendering template within layouts/application
Rendering tenants/index
Rendered tenants/_item (6.0ms)
Completed in 24ms (View: 15, DB: 2) | 200 OK [http://localhost/tenants?page=1]


Processing TenantsController#index (for 127.0.0.1 at 2010-04-11 22:05:30) [GET]
  Parameters: {"page"=>"2"}
  [4;36;1mTenant Load (1.0ms)[0m   [0;1mSELECT * FROM "tenants" LIMIT 1 OFFSET 1[0m
  [4;35;1mSQL (0.0ms)[0m   [0mSELECT count(*) AS count_all FROM "tenants" [0m
Rendering template within layouts/application
Rendering tenants/index
Rendered tenants/_item (6.0ms)
Completed in 24ms (View: 15, DB: 1) | 200 OK [http://localhost/tenants?page=2]


Processing TenantsController#index (for 127.0.0.1 at 2010-04-11 22:05:30) [GET]
  Parameters: {"page"=>"1"}
  [4;36;1mTenant Load (1.0ms)[0m   [0;1mSELECT * FROM "tenants" LIMIT 1 OFFSET 0[0m
  [4;35;1mSQL (1.0ms)[0m   [0mSELECT count(*) AS count_all FROM "tenants" [0m
Rendering template within layouts/application
Rendering tenants/index
Rendered tenants/_item (6.0ms)
Completed in 25ms (View: 14, DB: 2) | 200 OK [http://localhost/tenants?page=1]


Processing TenantsController#index to xml (for 127.0.0.1 at 2010-04-11 22:06:15) [GET]
  [4;36;1mTenant Load (1.0ms)[0m   [0;1mSELECT * FROM "tenants" LIMIT 20 OFFSET 0[0m
Completed in 543ms (View: 531, DB: 0) | 200 OK [http://localhost/tenants.xml]


Processing TenantsController#index to js (for 127.0.0.1 at 2010-04-11 22:06:26) [GET]
  [4;35;1mTenant Load (2.0ms)[0m   [0mSELECT * FROM "tenants" LIMIT 20 OFFSET 0[0m
Rendering template within layouts/application
Rendering tenants/index
Rendered tenants/_item (8.0ms)
Rendered tenants/_item (5.0ms)
Completed in 28ms (View: 21, DB: 2) | 200 OK [http://localhost/tenants.js]


Processing TenantsController#index to json (for 127.0.0.1 at 2010-04-11 22:06:36) [GET]
  [4;36;1mTenant Load (2.0ms)[0m   [0;1mSELECT * FROM "tenants" LIMIT 20 OFFSET 0[0m
Completed in 18ms (View: 6, DB: 0) | 200 OK [http://localhost/tenants.json]


Processing TenantsController#edit (for 127.0.0.1 at 2010-04-11 22:08:43) [GET]
  Parameters: {"id"=>"1"}
  [4;35;1mTenant Load (1.0ms)[0m   [0mSELECT * FROM "tenants" WHERE ("tenants"."id" = 1) [0m
Rendering template within layouts/application
Rendering tenants/edit
Rendered tenants/_form (12.0ms)
Completed in 47ms (View: 40, DB: 1) | 200 OK [http://localhost/tenants/1/edit]


Processing TenantsController#index (for 127.0.0.1 at 2010-04-11 22:08:45) [GET]
  [4;36;1mTenant Load (1.0ms)[0m   [0;1mSELECT * FROM "tenants" LIMIT 20 OFFSET 0[0m
Rendering template within layouts/application
Rendering tenants/index
Rendered tenants/_item (8.0ms)
Rendered tenants/_item (3.0ms)
Completed in 27ms (View: 18, DB: 1) | 200 OK [http://localhost/tenants]


Processing TenantsController#edit (for 127.0.0.1 at 2010-04-11 22:08:46) [GET]
  Parameters: {"id"=>"1"}
  [4;35;1mTenant Load (1.0ms)[0m   [0mSELECT * FROM "tenants" WHERE ("tenants"."id" = 1) [0m
Rendering template within layouts/application
Rendering tenants/edit
Rendered tenants/_form (9.0ms)
Completed in 30ms (View: 20, DB: 1) | 200 OK [http://localhost/tenants/1/edit]


Processing TenantsController#index (for 127.0.0.1 at 2010-04-11 22:08:48) [GET]
  [4;36;1mTenant Load (2.0ms)[0m   [0;1mSELECT * FROM "tenants" LIMIT 20 OFFSET 0[0m
Rendering template within layouts/application
Rendering tenants/index
Rendered tenants/_item (9.0ms)
Rendered tenants/_item (4.0ms)
Completed in 31ms (View: 24, DB: 2) | 200 OK [http://localhost/tenants]


Processing TenantsController#edit (for 127.0.0.1 at 2010-04-11 22:08:49) [GET]
  Parameters: {"id"=>"1"}
  [4;35;1mTenant Load (0.0ms)[0m   [0mSELECT * FROM "tenants" WHERE ("tenants"."id" = 1) [0m
Rendering template within layouts/application
Rendering tenants/edit
Rendered tenants/_form (9.0ms)
Completed in 29ms (View: 21, DB: 0) | 200 OK [http://localhost/tenants/1/edit]


Processing TenantsController#index (for 127.0.0.1 at 2010-04-11 22:08:51) [GET]
  [4;36;1mTenant Load (1.0ms)[0m   [0;1mSELECT * FROM "tenants" LIMIT 20 OFFSET 0[0m
Rendering template within layouts/application
Rendering tenants/index
Rendered tenants/_item (8.0ms)
Rendered tenants/_item (3.0ms)
Completed in 26ms (View: 17, DB: 1) | 200 OK [http://localhost/tenants]


Processing TenantsController#edit (for 127.0.0.1 at 2010-04-11 22:08:52) [GET]
  Parameters: {"id"=>"1"}
  [4;35;1mTenant Load (1.0ms)[0m   [0mSELECT * FROM "tenants" WHERE ("tenants"."id" = 1) [0m
Rendering template within layouts/application
Rendering tenants/edit
Rendered tenants/_form (10.0ms)
Completed in 32ms (View: 22, DB: 1) | 200 OK [http://localhost/tenants/1/edit]


Processing TenantsController#index (for 127.0.0.1 at 2010-04-11 22:08:53) [GET]
  [4;36;1mTenant Load (1.0ms)[0m   [0;1mSELECT * FROM "tenants" LIMIT 20 OFFSET 0[0m
Rendering template within layouts/application
Rendering tenants/index
Rendered tenants/_item (8.0ms)
Rendered tenants/_item (3.0ms)
Completed in 27ms (View: 20, DB: 1) | 200 OK [http://localhost/tenants]


Processing TenantsController#edit (for 127.0.0.1 at 2010-04-11 22:08:54) [GET]
  Parameters: {"id"=>"1"}
  [4;35;1mTenant Load (0.0ms)[0m   [0mSELECT * FROM "tenants" WHERE ("tenants"."id" = 1) [0m
Rendering template within layouts/application
Rendering tenants/edit
Rendered tenants/_form (110.0ms)
Completed in 133ms (View: 124, DB: 0) | 200 OK [http://localhost/tenants/1/edit]


Processing TenantsController#index (for 127.0.0.1 at 2010-04-11 22:08:56) [GET]
  [4;36;1mTenant Load (1.0ms)[0m   [0;1mSELECT * FROM "tenants" LIMIT 20 OFFSET 0[0m
Rendering template within layouts/application
Rendering tenants/index
Rendered tenants/_item (9.0ms)
Rendered tenants/_item (4.0ms)
Completed in 30ms (View: 19, DB: 1) | 200 OK [http://localhost/tenants]


Processing TenantsController#edit (for 127.0.0.1 at 2010-04-11 22:08:57) [GET]
  Parameters: {"id"=>"1"}
  [4;35;1mTenant Load (0.0ms)[0m   [0mSELECT * FROM "tenants" WHERE ("tenants"."id" = 1) [0m
Rendering template within layouts/application
Rendering tenants/edit
Rendered tenants/_form (11.0ms)
Completed in 33ms (View: 24, DB: 0) | 200 OK [http://localhost/tenants/1/edit]


Processing TenantsController#index (for 127.0.0.1 at 2010-04-11 22:08:58) [GET]
  [4;36;1mTenant Load (1.0ms)[0m   [0;1mSELECT * FROM "tenants" LIMIT 20 OFFSET 0[0m
Rendering template within layouts/application
Rendering tenants/index
Rendered tenants/_item (9.0ms)
Rendered tenants/_item (3.0ms)
Completed in 29ms (View: 22, DB: 1) | 200 OK [http://localhost/tenants]


Processing TenantsController#edit (for 127.0.0.1 at 2010-04-11 22:08:59) [GET]
  Parameters: {"id"=>"2"}
  [4;35;1mTenant Load (1.0ms)[0m   [0mSELECT * FROM "tenants" WHERE ("tenants"."id" = 2) [0m
Rendering template within layouts/application
Rendering tenants/edit
Rendered tenants/_form (12.0ms)
Completed in 34ms (View: 24, DB: 1) | 200 OK [http://localhost/tenants/2/edit]


Processing TenantsController#index (for 127.0.0.1 at 2010-04-11 22:09:00) [GET]
  [4;36;1mTenant Load (1.0ms)[0m   [0;1mSELECT * FROM "tenants" LIMIT 20 OFFSET 0[0m
Rendering template within layouts/application
Rendering tenants/index
Rendered tenants/_item (8.0ms)
Rendered tenants/_item (3.0ms)
Completed in 25ms (View: 19, DB: 1) | 200 OK [http://localhost/tenants]


Processing TenantsController#edit (for 127.0.0.1 at 2010-04-11 22:09:02) [GET]
  Parameters: {"id"=>"1"}
  [4;35;1mTenant Load (1.0ms)[0m   [0mSELECT * FROM "tenants" WHERE ("tenants"."id" = 1) [0m
Rendering template within layouts/application
Rendering tenants/edit
Rendered tenants/_form (11.0ms)
Completed in 34ms (View: 24, DB: 1) | 200 OK [http://localhost/tenants/1/edit]


Processing TenantsController#index (for 127.0.0.1 at 2010-04-11 22:09:09) [GET]
  [4;36;1mTenant Load (1.0ms)[0m   [0;1mSELECT * FROM "tenants" LIMIT 20 OFFSET 0[0m
Rendering template within layouts/application
Rendering tenants/index
Rendered tenants/_item (8.0ms)
Rendered tenants/_item (3.0ms)
Completed in 26ms (View: 19, DB: 1) | 200 OK [http://localhost/tenants]


Processing TenantsController#show (for 127.0.0.1 at 2010-04-11 22:09:11) [GET]
  Parameters: {"id"=>"1"}
  [4;35;1mTenant Load (0.0ms)[0m   [0mSELECT * FROM "tenants" WHERE ("tenants"."id" = 1) [0m
Rendering template within layouts/application
Rendering tenants/show
Completed in 26ms (View: 19, DB: 0) | 200 OK [http://localhost/tenants/1]


Processing TenantsController#index (for 127.0.0.1 at 2010-04-11 22:09:13) [GET]
  [4;36;1mTenant Load (2.0ms)[0m   [0;1mSELECT * FROM "tenants" LIMIT 20 OFFSET 0[0m
Rendering template within layouts/application
Rendering tenants/index
Rendered tenants/_item (7.0ms)
Rendered tenants/_item (3.0ms)
Completed in 26ms (View: 20, DB: 2) | 200 OK [http://localhost/tenants]


Processing TenantsController#destroy (for 127.0.0.1 at 2010-04-11 22:09:16) [DELETE]
  Parameters: {"authenticity_token"=>"Plh/UmELwVR5p86DB+WfURcE/a27qE2LzMQipEOXb7c=", "id"=>"2"}
  [4;35;1mTenant Load (1.0ms)[0m   [0mSELECT * FROM "tenants" WHERE ("tenants"."id" = 2) [0m
  [4;36;1mTenant Destroy (1.0ms)[0m   [0;1mDELETE FROM "tenants" WHERE "id" = 2[0m
Redirected to http://localhost:3000/tenants
Completed in 96ms (DB: 0) | 302 Found [http://localhost/tenants/2]


Processing TenantsController#index (for 127.0.0.1 at 2010-04-11 22:09:16) [GET]
  [4;35;1mTenant Load (1.0ms)[0m   [0mSELECT * FROM "tenants" LIMIT 20 OFFSET 0[0m
Rendering template within layouts/application
Rendering tenants/index
Rendered tenants/_item (7.0ms)
Completed in 21ms (View: 14, DB: 1) | 200 OK [http://localhost/tenants]


Processing TenantsController#edit (for 127.0.0.1 at 2010-04-11 22:09:22) [GET]
  Parameters: {"id"=>"1"}
  [4;36;1mTenant Load (1.0ms)[0m   [0;1mSELECT * FROM "tenants" WHERE ("tenants"."id" = 1) [0m
Rendering template within layouts/application
Rendering tenants/edit
Rendered tenants/_form (12.0ms)
Completed in 33ms (View: 25, DB: 1) | 200 OK [http://localhost/tenants/1/edit]


Processing TenantsController#update (for 127.0.0.1 at 2010-04-11 22:09:25) [PUT]
  Parameters: {"commit"=>"Update", "authenticity_token"=>"Plh/UmELwVR5p86DB+WfURcE/a27qE2LzMQipEOXb7c=", "id"=>"1", "tenant"=>{"name"=>"tests"}}
  [4;35;1mTenant Load (1.0ms)[0m   [0mSELECT * FROM "tenants" WHERE ("tenants"."id" = 1) [0m
  [4;36;1mTenant Update (2.0ms)[0m   [0;1mUPDATE "tenants" SET "updated_at" = '2010-04-12 05:09:25', "name" = 'tests' WHERE "id" = 1[0m
Redirected to http://localhost:3000/tenants/1
Completed in 201ms (DB: 0) | 302 Found [http://localhost/tenants/1]


Processing TenantsController#show (for 127.0.0.1 at 2010-04-11 22:09:26) [GET]
  Parameters: {"id"=>"1"}
  [4;35;1mTenant Load (1.0ms)[0m   [0mSELECT * FROM "tenants" WHERE ("tenants"."id" = 1) [0m
Rendering template within layouts/application
Rendering tenants/show
Completed in 20ms (View: 10, DB: 1) | 200 OK [http://localhost/tenants/1]


Processing TenantsController#edit (for 127.0.0.1 at 2010-04-11 22:09:31) [GET]
  Parameters: {"id"=>"1"}
  [4;36;1mTenant Load (1.0ms)[0m   [0;1mSELECT * FROM "tenants" WHERE ("tenants"."id" = 1) [0m
Rendering template within layouts/application
Rendering tenants/edit
Rendered tenants/_form (9.0ms)
Completed in 29ms (View: 21, DB: 1) | 200 OK [http://localhost/tenants/1/edit]


Processing TenantsController#update (for 127.0.0.1 at 2010-04-11 22:09:34) [PUT]
  Parameters: {"commit"=>"Update", "authenticity_token"=>"Plh/UmELwVR5p86DB+WfURcE/a27qE2LzMQipEOXb7c=", "id"=>"1", "tenant"=>{"name"=>"tests"}}
  [4;35;1mTenant Load (0.0ms)[0m   [0mSELECT * FROM "tenants" WHERE ("tenants"."id" = 1) [0m
Redirected to http://localhost:3000/tenants/1
Completed in 21ms (DB: 0) | 302 Found [http://localhost/tenants/1]


Processing TenantsController#show (for 127.0.0.1 at 2010-04-11 22:09:34) [GET]
  Parameters: {"id"=>"1"}
  [4;36;1mTenant Load (0.0ms)[0m   [0;1mSELECT * FROM "tenants" WHERE ("tenants"."id" = 1) [0m
Rendering template within layouts/application
Rendering tenants/show
Completed in 18ms (View: 10, DB: 0) | 200 OK [http://localhost/tenants/1]


Processing TenantsController#index (for 127.0.0.1 at 2010-04-11 22:09:46) [GET]
  [4;35;1mTenant Load (1.0ms)[0m   [0mSELECT * FROM "tenants" LIMIT 20 OFFSET 0[0m
Rendering template within layouts/application
Rendering tenants/index
Rendered tenants/_item (9.0ms)
Completed in 24ms (View: 17, DB: 1) | 200 OK [http://localhost/tenants]


Processing TenantsController#index (for 127.0.0.1 at 2010-04-11 22:33:25) [GET]
  [4;36;1mTenant Load (1.0ms)[0m   [0;1mSELECT * FROM "tenants" LIMIT 20 OFFSET 0[0m
Rendering template within layouts/application
Rendering tenants/index
Rendered tenants/_item (13.0ms)
Completed in 60ms (View: 51, DB: 1) | 200 OK [http://localhost/tenants]


Processing TenantsController#edit (for 127.0.0.1 at 2010-04-11 22:33:28) [GET]
  Parameters: {"id"=>"1"}
  [4;35;1mTenant Load (1.0ms)[0m   [0mSELECT * FROM "tenants" WHERE ("tenants"."id" = 1) [0m
Rendering template within layouts/application
Rendering tenants/edit
Rendered tenants/_form (59.0ms)
Completed in 180ms (View: 171, DB: 1) | 200 OK [http://localhost/tenants/1/edit]


Processing TenantsController#index (for 127.0.0.1 at 2010-04-11 22:33:29) [GET]
  [4;36;1mTenant Load (1.0ms)[0m   [0;1mSELECT * FROM "tenants" LIMIT 20 OFFSET 0[0m
Rendering template within layouts/application
Rendering tenants/index
Rendered tenants/_item (7.0ms)
Completed in 23ms (View: 14, DB: 1) | 200 OK [http://localhost/tenants]


Processing TenantsController#new (for 127.0.0.1 at 2010-04-11 22:33:52) [GET]
Rendering template within layouts/application
Rendering tenants/new
Rendered tenants/_form (9.0ms)
Completed in 35ms (View: 28, DB: 0) | 200 OK [http://localhost/tenants/new]


Processing TenantsController#create (for 127.0.0.1 at 2010-04-11 22:33:56) [POST]
  Parameters: {"commit"=>"Create", "authenticity_token"=>"Plh/UmELwVR5p86DB+WfURcE/a27qE2LzMQipEOXb7c=", "tenant"=>{"name"=>"hjhjhjh"}}
  [4;35;1mTenant Create (1.0ms)[0m   [0mINSERT INTO "tenants" ("name", "created_at", "updated_at") VALUES('hjhjhjh', '2010-04-12 05:33:56', '2010-04-12 05:33:56')[0m
Redirected to http://localhost:3000/tenants/3
Completed in 89ms (DB: 0) | 302 Found [http://localhost/tenants]


Processing TenantsController#show (for 127.0.0.1 at 2010-04-11 22:33:56) [GET]
  Parameters: {"id"=>"3"}
  [4;36;1mTenant Load (0.0ms)[0m   [0;1mSELECT * FROM "tenants" WHERE ("tenants"."id" = 3) [0m
Rendering template within layouts/application
Rendering tenants/show
Completed in 34ms (View: 24, DB: 0) | 200 OK [http://localhost/tenants/3]


Processing TenantsController#edit (for 127.0.0.1 at 2010-04-11 22:33:59) [GET]
  Parameters: {"id"=>"3"}
  [4;35;1mTenant Load (0.0ms)[0m   [0mSELECT * FROM "tenants" WHERE ("tenants"."id" = 3) [0m
Rendering template within layouts/application
Rendering tenants/edit
Rendered tenants/_form (11.0ms)
Completed in 36ms (View: 26, DB: 0) | 200 OK [http://localhost/tenants/3/edit]


Processing TenantsController#update (for 127.0.0.1 at 2010-04-11 22:36:09) [PUT]
  Parameters: {"commit"=>"Update", "authenticity_token"=>"Plh/UmELwVR5p86DB+WfURcE/a27qE2LzMQipEOXb7c=", "id"=>"3", "tenant"=>{"name"=>""}}
  [4;36;1mTenant Load (1.0ms)[0m   [0;1mSELECT * FROM "tenants" WHERE ("tenants"."id" = 3) [0m
  [4;35;1mTenant Update (2.0ms)[0m   [0mUPDATE "tenants" SET "updated_at" = '2010-04-12 05:36:09', "name" = '' WHERE "id" = 3[0m
Redirected to http://localhost:3000/tenants/3
Completed in 105ms (DB: 0) | 302 Found [http://localhost/tenants/3]


Processing TenantsController#show (for 127.0.0.1 at 2010-04-11 22:36:09) [GET]
  Parameters: {"id"=>"3"}
  [4;36;1mTenant Load (1.0ms)[0m   [0;1mSELECT * FROM "tenants" WHERE ("tenants"."id" = 3) [0m
Rendering template within layouts/application
Rendering tenants/show
Completed in 20ms (View: 10, DB: 1) | 200 OK [http://localhost/tenants/3]
  [4;36;1mSQL (1.0ms)[0m   [0;1m SELECT name
 FROM sqlite_master
 WHERE type = 'table' AND NOT name = 'sqlite_sequence'
[0m
  [4;35;1mSQL (1.0ms)[0m   [0mSELECT version FROM schema_migrations[0m
Migrating to CreateTenants (20100412044545)
Migrating to CreateOrganizationalUnits (20100415032415)
  [4;36;1mSQL (0.0ms)[0m   [0;1mselect sqlite_version(*)[0m
  [4;35;1mSQL (2.0ms)[0m   [0mCREATE TABLE "organizational_units" ("id" INTEGER PRIMARY KEY AUTOINCREMENT NOT NULL, "name" varchar(255), "type" varchar(255), "created_at" datetime, "updated_at" datetime) [0m
  [4;36;1mSQL (1.0ms)[0m   [0;1mINSERT INTO schema_migrations (version) VALUES ('20100415032415')[0m
  [4;35;1mSQL (1.0ms)[0m   [0m SELECT name
 FROM sqlite_master
 WHERE type = 'table' AND NOT name = 'sqlite_sequence'
[0m
  [4;36;1mSQL (1.0ms)[0m   [0;1mSELECT version FROM schema_migrations[0m
  [4;35;1mSQL (2.0ms)[0m   [0m SELECT name
 FROM sqlite_master
 WHERE type = 'table' AND NOT name = 'sqlite_sequence'
[0m
  [4;36;1mSQL (0.0ms)[0m   [0;1mPRAGMA index_list("organizational_units")[0m
  [4;35;1mSQL (0.0ms)[0m   [0mPRAGMA index_list("tenants")[0m
  [4;36;1mSQL (1.0ms)[0m   [0;1m SELECT name
 FROM sqlite_master
 WHERE type = 'table' AND NOT name = 'sqlite_sequence'
[0m
  [4;35;1mSQL (1.0ms)[0m   [0mSELECT version FROM schema_migrations[0m
  [4;36;1mSQL (0.0ms)[0m   [0;1mselect sqlite_version(*)[0m
  [4;35;1mSQL (75.0ms)[0m   [0mALTER TABLE "organizational_units" ADD "ancestry" varchar(255)[0m
  [4;36;1mSQL (57.0ms)[0m   [0;1mCREATE INDEX "index_organizational_units_on_ancestry" ON "organizational_units" ("ancestry")[0m
  [4;35;1mSQL (65.0ms)[0m   [0mINSERT INTO schema_migrations (version) VALUES ('20100415032824')[0m
  [4;36;1mSQL (1.0ms)[0m   [0;1m SELECT name
 FROM sqlite_master
 WHERE type = 'table' AND NOT name = 'sqlite_sequence'
[0m
  [4;35;1mSQL (0.0ms)[0m   [0mSELECT version FROM schema_migrations[0m
  [4;36;1mSQL (1.0ms)[0m   [0;1m SELECT name
 FROM sqlite_master
 WHERE type = 'table' AND NOT name = 'sqlite_sequence'
[0m
  [4;35;1mSQL (0.0ms)[0m   [0mPRAGMA index_list("organizational_units")[0m
  [4;36;1mSQL (0.0ms)[0m   [0;1mPRAGMA index_info('index_organizational_units_on_ancestry')[0m
  [4;35;1mSQL (0.0ms)[0m   [0mPRAGMA index_list("tenants")[0m
  [4;36;1mSQL (1.0ms)[0m   [0;1m SELECT name
 FROM sqlite_master
 WHERE type = 'table' AND NOT name = 'sqlite_sequence'
[0m
  [4;35;1mSQL (0.0ms)[0m   [0mSELECT version FROM schema_migrations[0m
Migrating to CreateTenants (20100412044545)
Migrating to CreateOrganizationalUnits (20100415032415)
Migrating to AddAncestryToOrganizationalUnit (20100415032824)
Migrating to AddTenantIdToOrganizationalUnit (20100415033340)
  [4;36;1mSQL (0.0ms)[0m   [0;1mselect sqlite_version(*)[0m
  [4;35;1mSQL (0.0ms)[0m   [0mSQLite3::SQLException: no such table: organizational_unit: ALTER TABLE "organizational_unit" ADD "tenant_id" int[0m
  [4;36;1mSQL (1.0ms)[0m   [0;1m SELECT name
 FROM sqlite_master
 WHERE type = 'table' AND NOT name = 'sqlite_sequence'
[0m
  [4;35;1mSQL (0.0ms)[0m   [0mSELECT version FROM schema_migrations[0m
Migrating to CreateTenants (20100412044545)
Migrating to CreateOrganizationalUnits (20100415032415)
Migrating to AddAncestryToOrganizationalUnit (20100415032824)
Migrating to AddTenantIdToOrganizationalUnit (20100415033340)
  [4;36;1mSQL (0.0ms)[0m   [0;1mselect sqlite_version(*)[0m
  [4;35;1mSQL (3.0ms)[0m   [0mALTER TABLE "organizational_units" ADD "tenant_id" int[0m
  [4;36;1mSQL (1.0ms)[0m   [0;1mCREATE INDEX "index_organizational_units_on_tenant_id" ON "organizational_units" ("tenant_id")[0m
  [4;35;1mSQL (1.0ms)[0m   [0mINSERT INTO schema_migrations (version) VALUES ('20100415033340')[0m
  [4;36;1mSQL (2.0ms)[0m   [0;1m SELECT name
 FROM sqlite_master
 WHERE type = 'table' AND NOT name = 'sqlite_sequence'
[0m
  [4;35;1mSQL (0.0ms)[0m   [0mSELECT version FROM schema_migrations[0m
  [4;36;1mSQL (0.0ms)[0m   [0;1m SELECT name
 FROM sqlite_master
 WHERE type = 'table' AND NOT name = 'sqlite_sequence'
[0m
  [4;35;1mSQL (0.0ms)[0m   [0mPRAGMA index_list("organizational_units")[0m
  [4;36;1mSQL (1.0ms)[0m   [0;1mPRAGMA index_info('index_organizational_units_on_tenant_id')[0m
  [4;35;1mSQL (0.0ms)[0m   [0mPRAGMA index_info('index_organizational_units_on_ancestry')[0m
  [4;36;1mSQL (0.0ms)[0m   [0;1mPRAGMA index_list("tenants")[0m
  [4;36;1mSQL (4.0ms)[0m   [0;1m SELECT name
 FROM sqlite_master
 WHERE type = 'table' AND NOT name = 'sqlite_sequence'
[0m
  [4;35;1mSQL (1.0ms)[0m   [0mSELECT version FROM schema_migrations[0m
Migrating to CreateTenants (20100412044545)
Migrating to CreateOrganizationalUnits (20100415032415)
Migrating to AddAncestryToOrganizationalUnit (20100415032824)
Migrating to AddTenantIdToOrganizationalUnit (20100415033340)
Migrating to CreatePeople (20100415034703)
  [4;36;1mSQL (0.0ms)[0m   [0;1mselect sqlite_version(*)[0m
  [4;35;1mSQL (4.0ms)[0m   [0mCREATE TABLE "people" ("id" INTEGER PRIMARY KEY AUTOINCREMENT NOT NULL, "first_name" varchar(255), "last_name" varchar(255), "middle_initial" varchar(255), "created_at" datetime, "updated_at" datetime) [0m
  [4;36;1mSQL (1.0ms)[0m   [0;1mINSERT INTO schema_migrations (version) VALUES ('20100415034703')[0m
  [4;35;1mSQL (1.0ms)[0m   [0m SELECT name
 FROM sqlite_master
 WHERE type = 'table' AND NOT name = 'sqlite_sequence'
[0m
  [4;36;1mSQL (1.0ms)[0m   [0;1mSELECT version FROM schema_migrations[0m
  [4;35;1mSQL (0.0ms)[0m   [0m SELECT name
 FROM sqlite_master
 WHERE type = 'table' AND NOT name = 'sqlite_sequence'
[0m
  [4;36;1mSQL (0.0ms)[0m   [0;1mPRAGMA index_list("organizational_units")[0m
  [4;35;1mSQL (1.0ms)[0m   [0mPRAGMA index_info('index_organizational_units_on_tenant_id')[0m
  [4;36;1mSQL (0.0ms)[0m   [0;1mPRAGMA index_info('index_organizational_units_on_ancestry')[0m
  [4;35;1mSQL (0.0ms)[0m   [0mPRAGMA index_list("people")[0m
  [4;36;1mSQL (0.0ms)[0m   [0;1mPRAGMA index_list("tenants")[0m
  [4;36;1mSQL (2.0ms)[0m   [0;1m SELECT name
 FROM sqlite_master
 WHERE type = 'table' AND NOT name = 'sqlite_sequence'
[0m
  [4;35;1mSQL (1.0ms)[0m   [0mSELECT version FROM schema_migrations[0m
Migrating to CreateTenants (20100412044545)
Migrating to CreateOrganizationalUnits (20100415032415)
Migrating to AddAncestryToOrganizationalUnit (20100415032824)
Migrating to AddTenantIdToOrganizationalUnit (20100415033340)
Migrating to CreatePeople (20100415034703)
Migrating to AddUserFieldsToPeople (20100415034800)
  [4;36;1mSQL (0.0ms)[0m   [0;1mselect sqlite_version(*)[0m
  [4;35;1mSQL (2.0ms)[0m   [0mALTER TABLE "people" ADD "email_address" varchar(255)[0m
  [4;36;1mSQL (0.0ms)[0m   [0;1mALTER TABLE "people" ADD "last_access" datetime[0m
  [4;35;1mSQL (0.0ms)[0m   [0mINSERT INTO schema_migrations (version) VALUES ('20100415034800')[0m
  [4;36;1mSQL (0.0ms)[0m   [0;1m SELECT name
 FROM sqlite_master
 WHERE type = 'table' AND NOT name = 'sqlite_sequence'
[0m
  [4;35;1mSQL (0.0ms)[0m   [0mSELECT version FROM schema_migrations[0m
  [4;36;1mSQL (0.0ms)[0m   [0;1m SELECT name
 FROM sqlite_master
 WHERE type = 'table' AND NOT name = 'sqlite_sequence'
[0m
  [4;35;1mSQL (1.0ms)[0m   [0mPRAGMA index_list("organizational_units")[0m
  [4;36;1mSQL (0.0ms)[0m   [0;1mPRAGMA index_info('index_organizational_units_on_tenant_id')[0m
  [4;35;1mSQL (0.0ms)[0m   [0mPRAGMA index_info('index_organizational_units_on_ancestry')[0m
  [4;36;1mSQL (0.0ms)[0m   [0;1mPRAGMA index_list("people")[0m
  [4;35;1mSQL (0.0ms)[0m   [0mPRAGMA index_list("tenants")[0m
  [4;36;1mSQL (1.0ms)[0m   [0;1m SELECT name
 FROM sqlite_master
 WHERE type = 'table' AND NOT name = 'sqlite_sequence'
[0m
  [4;35;1mSQL (0.0ms)[0m   [0mSELECT version FROM schema_migrations[0m
Migrating to CreateTenants (20100412044545)
Migrating to CreateOrganizationalUnits (20100415032415)
Migrating to AddAncestryToOrganizationalUnit (20100415032824)
Migrating to AddTenantIdToOrganizationalUnit (20100415033340)
Migrating to CreatePeople (20100415034703)
Migrating to AddUserFieldsToPeople (20100415034800)
Migrating to AddTenantIdToPeople (20100415043842)
  [4;36;1mSQL (0.0ms)[0m   [0;1mselect sqlite_version(*)[0m
  [4;35;1mSQL (2.0ms)[0m   [0mALTER TABLE "people" ADD "tenant_id" int[0m
  [4;36;1mSQL (1.0ms)[0m   [0;1mINSERT INTO schema_migrations (version) VALUES ('20100415043842')[0m
  [4;35;1mSQL (1.0ms)[0m   [0m SELECT name
 FROM sqlite_master
 WHERE type = 'table' AND NOT name = 'sqlite_sequence'
[0m
  [4;36;1mSQL (1.0ms)[0m   [0;1mSELECT version FROM schema_migrations[0m
  [4;35;1mSQL (1.0ms)[0m   [0m SELECT name
 FROM sqlite_master
 WHERE type = 'table' AND NOT name = 'sqlite_sequence'
[0m
  [4;36;1mSQL (1.0ms)[0m   [0;1mPRAGMA index_list("organizational_units")[0m
  [4;35;1mSQL (0.0ms)[0m   [0mPRAGMA index_info('index_organizational_units_on_tenant_id')[0m
  [4;36;1mSQL (1.0ms)[0m   [0;1mPRAGMA index_info('index_organizational_units_on_ancestry')[0m
  [4;35;1mSQL (1.0ms)[0m   [0mPRAGMA index_list("people")[0m
  [4;36;1mSQL (0.0ms)[0m   [0;1mPRAGMA index_list("tenants")[0m
  [4;36;1mSQL (3.0ms)[0m   [0;1m SELECT name
 FROM sqlite_master
 WHERE type = 'table' AND NOT name = 'sqlite_sequence'
[0m
  [4;35;1mSQL (1.0ms)[0m   [0mSELECT version FROM schema_migrations[0m
Migrating to CreateTenants (20100412044545)
Migrating to CreateOrganizationalUnits (20100415032415)
Migrating to AddAncestryToOrganizationalUnit (20100415032824)
Migrating to AddTenantIdToOrganizationalUnit (20100415033340)
Migrating to CreatePeople (20100415034703)
Migrating to AddUserFieldsToPeople (20100415034800)
Migrating to AddTenantIdToPeople (20100415043842)
  [4;36;1mSQL (1.0ms)[0m   [0;1mselect sqlite_version(*)[0m
  [4;35;1mSQL (1.0ms)[0m   [0m SELECT name
 FROM sqlite_master
 WHERE type = 'table' AND NOT name = 'sqlite_sequence'
[0m
  [4;36;1mSQL (1.0ms)[0m   [0;1mSELECT version FROM schema_migrations[0m
  [4;35;1mSQL (1.0ms)[0m   [0m SELECT name
 FROM sqlite_master
 WHERE type = 'table' AND NOT name = 'sqlite_sequence'
[0m
  [4;36;1mSQL (0.0ms)[0m   [0;1mPRAGMA index_list("organizational_units")[0m
  [4;35;1mSQL (1.0ms)[0m   [0mPRAGMA index_info('index_organizational_units_on_tenant_id')[0m
  [4;36;1mSQL (0.0ms)[0m   [0;1mPRAGMA index_info('index_organizational_units_on_ancestry')[0m
  [4;35;1mSQL (0.0ms)[0m   [0mPRAGMA index_list("people")[0m
  [4;36;1mSQL (0.0ms)[0m   [0;1mPRAGMA index_list("tenants")[0m
  [4;36;1mSQL (1.0ms)[0m   [0;1m SELECT name
 FROM sqlite_master
 WHERE type = 'table' AND NOT name = 'sqlite_sequence'
[0m
  [4;35;1mSQL (1.0ms)[0m   [0mSELECT version FROM schema_migrations[0m
  [4;36;1mSQL (1.0ms)[0m   [0;1mselect sqlite_version(*)[0m
  [4;35;1mSQL (1.0ms)[0m   [0m SELECT name
 FROM sqlite_master
 WHERE type = 'table' AND NOT name = 'sqlite_sequence'
[0m
  [4;36;1mSQL (72.0ms)[0m   [0;1mCREATE TABLE "organizational_units" ("id" INTEGER PRIMARY KEY AUTOINCREMENT NOT NULL, "name" varchar(255), "type" varchar(255), "created_at" datetime, "updated_at" datetime, "ancestry" varchar(255), "tenant_id" integer) [0m
  [4;35;1mSQL (72.0ms)[0m   [0mCREATE INDEX "index_organizational_units_on_ancestry" ON "organizational_units" ("ancestry")[0m
  [4;36;1mSQL (84.0ms)[0m   [0;1mCREATE INDEX "index_organizational_units_on_tenant_id" ON "organizational_units" ("tenant_id")[0m
  [4;35;1mSQL (0.0ms)[0m   [0m SELECT name
 FROM sqlite_master
 WHERE type = 'table' AND NOT name = 'sqlite_sequence'
[0m
  [4;36;1mSQL (83.0ms)[0m   [0;1mCREATE TABLE "people" ("id" INTEGER PRIMARY KEY AUTOINCREMENT NOT NULL, "first_name" varchar(255), "last_name" varchar(255), "middle_initial" varchar(255), "created_at" datetime, "updated_at" datetime, "email_address" varchar(255), "last_access" datetime, "tenant_id" integer) [0m
  [4;35;1mSQL (1.0ms)[0m   [0m SELECT name
 FROM sqlite_master
 WHERE type = 'table' AND NOT name = 'sqlite_sequence'
[0m
  [4;36;1mSQL (88.0ms)[0m   [0;1mCREATE TABLE "tenants" ("id" INTEGER PRIMARY KEY AUTOINCREMENT NOT NULL, "name" varchar(255), "created_at" datetime, "updated_at" datetime) [0m
  [4;35;1mSQL (2.0ms)[0m   [0m SELECT name
 FROM sqlite_master
 WHERE type = 'table' AND NOT name = 'sqlite_sequence'
[0m
  [4;36;1mSQL (79.0ms)[0m   [0;1mCREATE TABLE "schema_migrations" ("version" varchar(255) NOT NULL) [0m
  [4;35;1mSQL (91.0ms)[0m   [0mCREATE UNIQUE INDEX "unique_schema_migrations" ON "schema_migrations" ("version")[0m
  [4;36;1mSQL (2.0ms)[0m   [0;1m SELECT name
 FROM sqlite_master
 WHERE type = 'table' AND NOT name = 'sqlite_sequence'
[0m
  [4;35;1mSQL (0.0ms)[0m   [0mSELECT version FROM "schema_migrations"[0m
  [4;36;1mSQL (93.0ms)[0m   [0;1mINSERT INTO "schema_migrations" (version) VALUES ('20100415043842')[0m
  [4;35;1mSQL (90.0ms)[0m   [0mINSERT INTO "schema_migrations" (version) VALUES ('20100412044545')[0m
  [4;36;1mSQL (99.0ms)[0m   [0;1mINSERT INTO "schema_migrations" (version) VALUES ('20100415032415')[0m
  [4;35;1mSQL (97.0ms)[0m   [0mINSERT INTO "schema_migrations" (version) VALUES ('20100415032824')[0m
  [4;36;1mSQL (109.0ms)[0m   [0;1mINSERT INTO "schema_migrations" (version) VALUES ('20100415033340')[0m
  [4;35;1mSQL (106.0ms)[0m   [0mINSERT INTO "schema_migrations" (version) VALUES ('20100415034703')[0m
  [4;36;1mSQL (101.0ms)[0m   [0;1mINSERT INTO "schema_migrations" (version) VALUES ('20100415034800')[0m
  [4;36;1mSQL (0.0ms)[0m   [0;1m SELECT name
 FROM sqlite_master
 WHERE type = 'table' AND NOT name = 'sqlite_sequence'
[0m
  [4;35;1mSQL (1.0ms)[0m   [0mselect sqlite_version(*)[0m
  [4;36;1mSQL (68.0ms)[0m   [0;1mCREATE TABLE "schema_migrations" ("version" varchar(255) NOT NULL) [0m
  [4;35;1mSQL (46.0ms)[0m   [0mCREATE UNIQUE INDEX "unique_schema_migrations" ON "schema_migrations" ("version")[0m
  [4;36;1mSQL (1.0ms)[0m   [0;1m SELECT name
 FROM sqlite_master
 WHERE type = 'table' AND NOT name = 'sqlite_sequence'
[0m
  [4;35;1mSQL (0.0ms)[0m   [0mSELECT version FROM schema_migrations[0m
Migrating to CreateTenants (20100412044545)
  [4;36;1mSQL (2.0ms)[0m   [0;1mCREATE TABLE "tenants" ("id" INTEGER PRIMARY KEY AUTOINCREMENT NOT NULL, "name" varchar(255), "created_at" datetime, "updated_at" datetime) [0m
  [4;35;1mSQL (0.0ms)[0m   [0mINSERT INTO schema_migrations (version) VALUES ('20100412044545')[0m
Migrating to CreateOrganizationalUnits (20100415032415)
  [4;36;1mSQL (2.0ms)[0m   [0;1mCREATE TABLE "organizational_units" ("id" INTEGER PRIMARY KEY AUTOINCREMENT NOT NULL, "name" varchar(255), "type" varchar(255), "created_at" datetime, "updated_at" datetime) [0m
  [4;35;1mSQL (0.0ms)[0m   [0mINSERT INTO schema_migrations (version) VALUES ('20100415032415')[0m
Migrating to AddAncestryToOrganizationalUnit (20100415032824)
  [4;36;1mSQL (3.0ms)[0m   [0;1mALTER TABLE "organizational_units" ADD "ancestry" varchar(255)[0m
  [4;35;1mSQL (2.0ms)[0m   [0mCREATE INDEX "index_organizational_units_on_ancestry" ON "organizational_units" ("ancestry")[0m
  [4;36;1mSQL (0.0ms)[0m   [0;1mINSERT INTO schema_migrations (version) VALUES ('20100415032824')[0m
Migrating to AddTenantIdToOrganizationalUnit (20100415033340)
  [4;35;1mSQL (0.0ms)[0m   [0mSQLite3::SQLException: Cannot add a NOT NULL column with default value NULL: ALTER TABLE "organizational_units" ADD "tenant_id" int NOT NULL[0m
  [4;36;1mSQL (1.0ms)[0m   [0;1m SELECT name
 FROM sqlite_master
 WHERE type = 'table' AND NOT name = 'sqlite_sequence'
[0m
  [4;35;1mSQL (1.0ms)[0m   [0mselect sqlite_version(*)[0m
  [4;36;1mSQL (50.0ms)[0m   [0;1mCREATE TABLE "schema_migrations" ("version" varchar(255) NOT NULL) [0m
  [4;35;1mSQL (60.0ms)[0m   [0mCREATE UNIQUE INDEX "unique_schema_migrations" ON "schema_migrations" ("version")[0m
  [4;36;1mSQL (1.0ms)[0m   [0;1m SELECT name
 FROM sqlite_master
 WHERE type = 'table' AND NOT name = 'sqlite_sequence'
[0m
  [4;35;1mSQL (0.0ms)[0m   [0mSELECT version FROM schema_migrations[0m
Migrating to CreateTenants (20100412044545)
  [4;36;1mSQL (2.0ms)[0m   [0;1mCREATE TABLE "tenants" ("id" INTEGER PRIMARY KEY AUTOINCREMENT NOT NULL, "name" varchar(255), "created_at" datetime, "updated_at" datetime) [0m
  [4;35;1mSQL (0.0ms)[0m   [0mINSERT INTO schema_migrations (version) VALUES ('20100412044545')[0m
Migrating to CreateOrganizationalUnits (20100415032415)
  [4;36;1mSQL (2.0ms)[0m   [0;1mCREATE TABLE "organizational_units" ("id" INTEGER PRIMARY KEY AUTOINCREMENT NOT NULL, "name" varchar(255), "type" varchar(255), "tenant_id" integer NOT NULL, "created_at" datetime, "updated_at" datetime) [0m
  [4;35;1mSQL (0.0ms)[0m   [0mINSERT INTO schema_migrations (version) VALUES ('20100415032415')[0m
Migrating to AddAncestryToOrganizationalUnit (20100415032824)
  [4;36;1mSQL (2.0ms)[0m   [0;1mALTER TABLE "organizational_units" ADD "ancestry" varchar(255)[0m
  [4;35;1mSQL (0.0ms)[0m   [0mCREATE INDEX "index_organizational_units_on_ancestry" ON "organizational_units" ("ancestry")[0m
  [4;36;1mSQL (0.0ms)[0m   [0;1mINSERT INTO schema_migrations (version) VALUES ('20100415032824')[0m
Migrating to CreatePeople (20100415034703)
  [4;35;1mSQL (2.0ms)[0m   [0mCREATE TABLE "people" ("id" INTEGER PRIMARY KEY AUTOINCREMENT NOT NULL, "tenant_id" integer NOT NULL, "first_name" varchar(255), "last_name" varchar(255), "middle_initial" varchar(255), "created_at" datetime, "updated_at" datetime) [0m
  [4;36;1mSQL (1.0ms)[0m   [0;1mINSERT INTO schema_migrations (version) VALUES ('20100415034703')[0m
Migrating to AddUserFieldsToPeople (20100415034800)
  [4;35;1mSQL (2.0ms)[0m   [0mALTER TABLE "people" ADD "email_address" varchar(255)[0m
  [4;36;1mSQL (0.0ms)[0m   [0;1mALTER TABLE "people" ADD "last_access" datetime[0m
  [4;35;1mSQL (0.0ms)[0m   [0mINSERT INTO schema_migrations (version) VALUES ('20100415034800')[0m
  [4;36;1mSQL (1.0ms)[0m   [0;1m SELECT name
 FROM sqlite_master
 WHERE type = 'table' AND NOT name = 'sqlite_sequence'
[0m
  [4;35;1mSQL (1.0ms)[0m   [0mSELECT version FROM schema_migrations[0m
  [4;36;1mSQL (1.0ms)[0m   [0;1m SELECT name
 FROM sqlite_master
 WHERE type = 'table' AND NOT name = 'sqlite_sequence'
[0m
  [4;35;1mSQL (1.0ms)[0m   [0mPRAGMA index_list("organizational_units")[0m
  [4;36;1mSQL (0.0ms)[0m   [0;1mPRAGMA index_info('index_organizational_units_on_ancestry')[0m
  [4;35;1mSQL (1.0ms)[0m   [0mPRAGMA index_list("people")[0m
  [4;36;1mSQL (0.0ms)[0m   [0;1mPRAGMA index_list("tenants")[0m
  [4;36;1mSQL (4.0ms)[0m   [0;1m SELECT name
 FROM sqlite_master
 WHERE type = 'table' AND NOT name = 'sqlite_sequence'
[0m
  [4;35;1mSQL (0.0ms)[0m   [0mSELECT version FROM schema_migrations[0m
  [4;36;1mSQL (1.0ms)[0m   [0;1mselect sqlite_version(*)[0m
  [4;35;1mSQL (1.0ms)[0m   [0m SELECT name
 FROM sqlite_master
 WHERE type = 'table' AND NOT name = 'sqlite_sequence'
[0m
  [4;36;1mSQL (74.0ms)[0m   [0;1mCREATE TABLE "organizational_units" ("id" INTEGER PRIMARY KEY AUTOINCREMENT NOT NULL, "name" varchar(255), "type" varchar(255), "tenant_id" integer NOT NULL, "created_at" datetime, "updated_at" datetime, "ancestry" varchar(255)) [0m
  [4;35;1mSQL (63.0ms)[0m   [0mCREATE INDEX "index_organizational_units_on_ancestry" ON "organizational_units" ("ancestry")[0m
  [4;36;1mSQL (1.0ms)[0m   [0;1m SELECT name
 FROM sqlite_master
 WHERE type = 'table' AND NOT name = 'sqlite_sequence'
[0m
  [4;35;1mSQL (59.0ms)[0m   [0mCREATE TABLE "people" ("id" INTEGER PRIMARY KEY AUTOINCREMENT NOT NULL, "tenant_id" integer NOT NULL, "first_name" varchar(255), "last_name" varchar(255), "middle_initial" varchar(255), "created_at" datetime, "updated_at" datetime, "email_address" varchar(255), "last_access" datetime) [0m
  [4;36;1mSQL (1.0ms)[0m   [0;1m SELECT name
 FROM sqlite_master
 WHERE type = 'table' AND NOT name = 'sqlite_sequence'
[0m
  [4;35;1mSQL (79.0ms)[0m   [0mCREATE TABLE "tenants" ("id" INTEGER PRIMARY KEY AUTOINCREMENT NOT NULL, "name" varchar(255), "created_at" datetime, "updated_at" datetime) [0m
  [4;36;1mSQL (1.0ms)[0m   [0;1m SELECT name
 FROM sqlite_master
 WHERE type = 'table' AND NOT name = 'sqlite_sequence'
[0m
  [4;35;1mSQL (79.0ms)[0m   [0mCREATE TABLE "schema_migrations" ("version" varchar(255) NOT NULL) [0m
  [4;36;1mSQL (82.0ms)[0m   [0;1mCREATE UNIQUE INDEX "unique_schema_migrations" ON "schema_migrations" ("version")[0m
  [4;35;1mSQL (1.0ms)[0m   [0m SELECT name
 FROM sqlite_master
 WHERE type = 'table' AND NOT name = 'sqlite_sequence'
[0m
  [4;36;1mSQL (1.0ms)[0m   [0;1mSELECT version FROM "schema_migrations"[0m
  [4;35;1mSQL (76.0ms)[0m   [0mINSERT INTO "schema_migrations" (version) VALUES ('20100415034800')[0m
  [4;36;1mSQL (82.0ms)[0m   [0;1mINSERT INTO "schema_migrations" (version) VALUES ('20100412044545')[0m
  [4;35;1mSQL (82.0ms)[0m   [0mINSERT INTO "schema_migrations" (version) VALUES ('20100415032415')[0m
  [4;36;1mSQL (90.0ms)[0m   [0;1mINSERT INTO "schema_migrations" (version) VALUES ('20100415032824')[0m
  [4;35;1mSQL (82.0ms)[0m   [0mINSERT INTO "schema_migrations" (version) VALUES ('20100415034703')[0m
  [4;36;1mSQL (2.0ms)[0m   [0;1m SELECT name
 FROM sqlite_master
 WHERE type = 'table' AND NOT name = 'sqlite_sequence'
[0m
  [4;35;1mSQL (0.0ms)[0m   [0mSELECT version FROM schema_migrations[0m
  [4;36;1mSQL (0.0ms)[0m   [0;1mselect sqlite_version(*)[0m
  [4;35;1mSQL (1.0ms)[0m   [0m SELECT name
 FROM sqlite_master
 WHERE type = 'table' AND NOT name = 'sqlite_sequence'
[0m
  [4;36;1mSQL (96.0ms)[0m   [0;1mCREATE TABLE "organizational_units" ("id" INTEGER PRIMARY KEY AUTOINCREMENT NOT NULL, "name" varchar(255), "type" varchar(255), "tenant_id" integer NOT NULL, "created_at" datetime, "updated_at" datetime, "ancestry" varchar(255)) [0m
  [4;35;1mSQL (80.0ms)[0m   [0mCREATE INDEX "index_organizational_units_on_ancestry" ON "organizational_units" ("ancestry")[0m
  [4;36;1mSQL (1.0ms)[0m   [0;1m SELECT name
 FROM sqlite_master
 WHERE type = 'table' AND NOT name = 'sqlite_sequence'
[0m
  [4;35;1mSQL (112.0ms)[0m   [0mCREATE TABLE "people" ("id" INTEGER PRIMARY KEY AUTOINCREMENT NOT NULL, "tenant_id" integer NOT NULL, "first_name" varchar(255), "last_name" varchar(255), "middle_initial" varchar(255), "created_at" datetime, "updated_at" datetime, "email_address" varchar(255), "last_access" datetime) [0m
  [4;36;1mSQL (1.0ms)[0m   [0;1m SELECT name
 FROM sqlite_master
 WHERE type = 'table' AND NOT name = 'sqlite_sequence'
[0m
  [4;35;1mSQL (87.0ms)[0m   [0mCREATE TABLE "tenants" ("id" INTEGER PRIMARY KEY AUTOINCREMENT NOT NULL, "name" varchar(255), "created_at" datetime, "updated_at" datetime) [0m
  [4;36;1mSQL (1.0ms)[0m   [0;1m SELECT name
 FROM sqlite_master
 WHERE type = 'table' AND NOT name = 'sqlite_sequence'
[0m
  [4;35;1mSQL (78.0ms)[0m   [0mCREATE TABLE "schema_migrations" ("version" varchar(255) NOT NULL) [0m
  [4;36;1mSQL (91.0ms)[0m   [0;1mCREATE UNIQUE INDEX "unique_schema_migrations" ON "schema_migrations" ("version")[0m
  [4;35;1mSQL (1.0ms)[0m   [0m SELECT name
 FROM sqlite_master
 WHERE type = 'table' AND NOT name = 'sqlite_sequence'
[0m
  [4;36;1mSQL (0.0ms)[0m   [0;1mSELECT version FROM "schema_migrations"[0m
  [4;35;1mSQL (84.0ms)[0m   [0mINSERT INTO "schema_migrations" (version) VALUES ('20100415034800')[0m
  [4;36;1mSQL (93.0ms)[0m   [0;1mINSERT INTO "schema_migrations" (version) VALUES ('20100412044545')[0m
  [4;35;1mSQL (99.0ms)[0m   [0mINSERT INTO "schema_migrations" (version) VALUES ('20100415032415')[0m
  [4;36;1mSQL (89.0ms)[0m   [0;1mINSERT INTO "schema_migrations" (version) VALUES ('20100415032824')[0m
  [4;35;1mSQL (75.0ms)[0m   [0mINSERT INTO "schema_migrations" (version) VALUES ('20100415034703')[0m
  [4;36;1mSQL (1.0ms)[0m   [0;1m SELECT name
 FROM sqlite_master
 WHERE type = 'table' AND NOT name = 'sqlite_sequence'
[0m
  [4;35;1mSQL (0.0ms)[0m   [0mselect sqlite_version(*)[0m
  [4;36;1mSQL (61.0ms)[0m   [0;1mCREATE TABLE "schema_migrations" ("version" varchar(255) NOT NULL) [0m
  [4;35;1mSQL (56.0ms)[0m   [0mCREATE UNIQUE INDEX "unique_schema_migrations" ON "schema_migrations" ("version")[0m
  [4;36;1mSQL (1.0ms)[0m   [0;1m SELECT name
 FROM sqlite_master
 WHERE type = 'table' AND NOT name = 'sqlite_sequence'
[0m
  [4;35;1mSQL (1.0ms)[0m   [0mSELECT version FROM schema_migrations[0m
Migrating to CreateAccounts (20100412044545)
  [4;36;1mSQL (2.0ms)[0m   [0;1mCREATE TABLE "accounts" ("id" INTEGER PRIMARY KEY AUTOINCREMENT NOT NULL, "name" varchar(255), "created_at" datetime, "updated_at" datetime) [0m
  [4;35;1mSQL (0.0ms)[0m   [0mINSERT INTO schema_migrations (version) VALUES ('20100412044545')[0m
Migrating to CreateOrganizationalUnits (20100415032415)
  [4;36;1mSQL (2.0ms)[0m   [0;1mCREATE TABLE "organizational_units" ("id" INTEGER PRIMARY KEY AUTOINCREMENT NOT NULL, "name" varchar(255), "type" varchar(255), "account_id" integer NOT NULL, "created_at" datetime, "updated_at" datetime) [0m
  [4;35;1mSQL (0.0ms)[0m   [0mINSERT INTO schema_migrations (version) VALUES ('20100415032415')[0m
Migrating to AddAncestryToOrganizationalUnit (20100415032824)
  [4;36;1mSQL (1.0ms)[0m   [0;1mALTER TABLE "organizational_units" ADD "ancestry" varchar(255)[0m
  [4;35;1mSQL (1.0ms)[0m   [0mCREATE INDEX "index_organizational_units_on_ancestry" ON "organizational_units" ("ancestry")[0m
  [4;36;1mSQL (1.0ms)[0m   [0;1mINSERT INTO schema_migrations (version) VALUES ('20100415032824')[0m
Migrating to CreatePeople (20100415034703)
  [4;35;1mSQL (2.0ms)[0m   [0mCREATE TABLE "people" ("id" INTEGER PRIMARY KEY AUTOINCREMENT NOT NULL, "account_id" integer NOT NULL, "first_name" varchar(255), "last_name" varchar(255), "middle_initial" varchar(255), "created_at" datetime, "updated_at" datetime) [0m
  [4;36;1mSQL (1.0ms)[0m   [0;1mINSERT INTO schema_migrations (version) VALUES ('20100415034703')[0m
Migrating to AddUserFieldsToPeople (20100415034800)
  [4;35;1mSQL (2.0ms)[0m   [0mALTER TABLE "people" ADD "email_address" varchar(255)[0m
  [4;36;1mSQL (0.0ms)[0m   [0;1mALTER TABLE "people" ADD "last_access" datetime[0m
  [4;35;1mSQL (0.0ms)[0m   [0mINSERT INTO schema_migrations (version) VALUES ('20100415034800')[0m
  [4;36;1mSQL (1.0ms)[0m   [0;1m SELECT name
 FROM sqlite_master
 WHERE type = 'table' AND NOT name = 'sqlite_sequence'
[0m
  [4;35;1mSQL (0.0ms)[0m   [0mSELECT version FROM schema_migrations[0m
  [4;36;1mSQL (0.0ms)[0m   [0;1m SELECT name
 FROM sqlite_master
 WHERE type = 'table' AND NOT name = 'sqlite_sequence'
[0m
  [4;35;1mSQL (0.0ms)[0m   [0mPRAGMA index_list("accounts")[0m
  [4;36;1mSQL (0.0ms)[0m   [0;1mPRAGMA index_list("organizational_units")[0m
  [4;35;1mSQL (0.0ms)[0m   [0mPRAGMA index_info('index_organizational_units_on_ancestry')[0m
  [4;36;1mSQL (0.0ms)[0m   [0;1mPRAGMA index_list("people")[0m
  [4;36;1mSQL (2.0ms)[0m   [0;1m SELECT name
 FROM sqlite_master
 WHERE type = 'table' AND NOT name = 'sqlite_sequence'
[0m
  [4;35;1mSQL (1.0ms)[0m   [0mSELECT version FROM schema_migrations[0m
  [4;36;1mSQL (1.0ms)[0m   [0;1mselect sqlite_version(*)[0m
  [4;35;1mSQL (0.0ms)[0m   [0m SELECT name
 FROM sqlite_master
 WHERE type = 'table' AND NOT name = 'sqlite_sequence'
[0m
  [4;36;1mSQL (69.0ms)[0m   [0;1mCREATE TABLE "accounts" ("id" INTEGER PRIMARY KEY AUTOINCREMENT NOT NULL, "name" varchar(255), "created_at" datetime, "updated_at" datetime) [0m
  [4;35;1mSQL (1.0ms)[0m   [0m SELECT name
 FROM sqlite_master
 WHERE type = 'table' AND NOT name = 'sqlite_sequence'
[0m
  [4;36;1mSQL (80.0ms)[0m   [0;1mCREATE TABLE "organizational_units" ("id" INTEGER PRIMARY KEY AUTOINCREMENT NOT NULL, "name" varchar(255), "type" varchar(255), "account_id" integer NOT NULL, "created_at" datetime, "updated_at" datetime, "ancestry" varchar(255)) [0m
  [4;35;1mSQL (90.0ms)[0m   [0mCREATE INDEX "index_organizational_units_on_ancestry" ON "organizational_units" ("ancestry")[0m
  [4;36;1mSQL (1.0ms)[0m   [0;1m SELECT name
 FROM sqlite_master
 WHERE type = 'table' AND NOT name = 'sqlite_sequence'
[0m
  [4;35;1mSQL (83.0ms)[0m   [0mCREATE TABLE "people" ("id" INTEGER PRIMARY KEY AUTOINCREMENT NOT NULL, "account_id" integer NOT NULL, "first_name" varchar(255), "last_name" varchar(255), "middle_initial" varchar(255), "created_at" datetime, "updated_at" datetime, "email_address" varchar(255), "last_access" datetime) [0m
  [4;36;1mSQL (5.0ms)[0m   [0;1m SELECT name
 FROM sqlite_master
 WHERE type = 'table' AND NOT name = 'sqlite_sequence'
[0m
  [4;35;1mSQL (107.0ms)[0m   [0mCREATE TABLE "schema_migrations" ("version" varchar(255) NOT NULL) [0m
  [4;36;1mSQL (89.0ms)[0m   [0;1mCREATE UNIQUE INDEX "unique_schema_migrations" ON "schema_migrations" ("version")[0m
  [4;35;1mSQL (0.0ms)[0m   [0m SELECT name
 FROM sqlite_master
 WHERE type = 'table' AND NOT name = 'sqlite_sequence'
[0m
  [4;36;1mSQL (1.0ms)[0m   [0;1mSELECT version FROM "schema_migrations"[0m
  [4;35;1mSQL (88.0ms)[0m   [0mINSERT INTO "schema_migrations" (version) VALUES ('20100415034800')[0m
  [4;36;1mSQL (84.0ms)[0m   [0;1mINSERT INTO "schema_migrations" (version) VALUES ('20100412044545')[0m
  [4;35;1mSQL (89.0ms)[0m   [0mINSERT INTO "schema_migrations" (version) VALUES ('20100415032415')[0m
  [4;36;1mSQL (90.0ms)[0m   [0;1mINSERT INTO "schema_migrations" (version) VALUES ('20100415032824')[0m
  [4;35;1mSQL (93.0ms)[0m   [0mINSERT INTO "schema_migrations" (version) VALUES ('20100415034703')[0m
